<?xml version="1.0" encoding="UTF-8"?>
<!-- Generated by org.testng.reporters.JUnitReportReporter -->
<testsuite skipped="0" hostname="comp13" name="com.example.vids.VidsApplicationTests" tests="1" failures="0" timestamp="14 Jun 2019 17:11:43 GMT" time="0.022" errors="0">
  <testcase name="contextLoads" time="0.022" classname="com.example.vids.VidsApplicationTests"/>
</testsuite> <!-- com.example.vids.VidsApplicationTests -->
